<?xml version="1.0" encoding="UTF-8"?>
<testsuites name="Testing via Firefox" time="763" tests="2" failures="4" errors="0">
   <testsuite name="Testing via Firefox" tests="2" failures="4" errors="0" time="763" timestamp="2018-04-03 14:54:53" hostname="mkabir - lp02732.int.openbet.com" id="Test Suites/Testing via Firefox">
      <properties>
[...]
</properties>
      <testcase name="Test Cases/Verify a user can see previously added items in their shopping cart" classname="Test Cases/Verify a user can see previously added items in their shopping cart" status="FAILED">
         <failure type="FAILED" message="Unable to click on object 'Object Repository/IBM TEST/Page_Dresses - My Store (1)/html_Dresses - My Store  var C' (Root cause: com.kms.katalon.core.webui.exception.WebElementNotFoundException: Web element with id: 'Object Repository/IBM TEST/Page_Dresses - My Store (1)/html_Dresses - My Store  var C' located by 'By.xpath: //html[(text() = concat('
		
		Dresses - My Store
		
		
		
		 
		 
		
		
			
			
			
			
			
			
			
			
			
			
			
			
			
			
			
			
			
			
			
			
			
			
			
			
			
			
			
			
			
		
var CUSTOMIZE_TEXTFIELD = 1;
var FancyboxI18nClose = ' , &quot;'&quot; , 'Close' , &quot;'&quot; , ';
var FancyboxI18nNext = ' , &quot;'&quot; , 'Next' , &quot;'&quot; , ';
var FancyboxI18nPrev = ' , &quot;'&quot; , 'Previous' , &quot;'&quot; , ';
var added_to_wishlist = ' , &quot;'&quot; , 'Added to your wishlist.' , &quot;'&quot; , ';
var ajax_allowed = true;
var ajaxsearch = true;
var baseDir = ' , &quot;'&quot; , 'http://automationpractice.com/' , &quot;'&quot; , ';
var baseUri = ' , &quot;'&quot; , 'http://automationpractice.com/index.php' , &quot;'&quot; , ';
var blocklayeredSliderName = {&quot;price&quot;:&quot;price&quot;,&quot;weight&quot;:&quot;weight&quot;};
var blocksearch_type = ' , &quot;'&quot; , 'top' , &quot;'&quot; , ';
var comparator_max_item = 3;
var comparedProductsIds = [];
var contentOnly = false;
var customizationIdMessage = ' , &quot;'&quot; , 'Customization #' , &quot;'&quot; , ';
var delete_txt = ' , &quot;'&quot; , 'Delete' , &quot;'&quot; , ';
var displayList = false;
var filters = [{&quot;type_lite&quot;:&quot;category&quot;,&quot;type&quot;:&quot;category&quot;,&quot;id_key&quot;:0,&quot;name&quot;:&quot;Categories&quot;,&quot;values&quot;:{&quot;9&quot;:{&quot;name&quot;:&quot;Casual Dresses&quot;,&quot;nbr&quot;:1,&quot;link&quot;:&quot;http:\/\/automationpractice.com\/index.php?id_category=8&amp;controller=category#categories-casual_dresses&quot;,&quot;rel&quot;:&quot;nofollow&quot;},&quot;10&quot;:{&quot;name&quot;:&quot;Evening Dresses&quot;,&quot;nbr&quot;:1,&quot;link&quot;:&quot;http:\/\/automationpractice.com\/index.php?id_category=8&amp;controller=category#categories-evening_dresses&quot;,&quot;rel&quot;:&quot;nofollow&quot;},&quot;11&quot;:{&quot;name&quot;:&quot;Summer Dresses&quot;,&quot;nbr&quot;:3,&quot;link&quot;:&quot;http:\/\/automationpractice.com\/index.php?id_category=8&amp;controller=category#categories-summer_dresses&quot;,&quot;rel&quot;:&quot;nofollow&quot;}},&quot;filter_show_limit&quot;:&quot;0&quot;,&quot;filter_type&quot;:&quot;0&quot;},{&quot;type_lite&quot;:&quot;id_attribute_group&quot;,&quot;type&quot;:&quot;id_attribute_group&quot;,&quot;id_key&quot;:1,&quot;name&quot;:&quot;Size&quot;,&quot;is_color_group&quot;:false,&quot;values&quot;:{&quot;1&quot;:{&quot;color&quot;:&quot;&quot;,&quot;name&quot;:&quot;S&quot;,&quot;nbr&quot;:5,&quot;url_name&quot;:null,&quot;meta_title&quot;:null,&quot;link&quot;:&quot;http:\/\/automationpractice.com\/index.php?id_category=8&amp;controller=category#size-s&quot;,&quot;rel&quot;:&quot;&quot;},&quot;2&quot;:{&quot;color&quot;:&quot;&quot;,&quot;name&quot;:&quot;M&quot;,&quot;nbr&quot;:5,&quot;url_name&quot;:null,&quot;meta_title&quot;:null,&quot;link&quot;:&quot;http:\/\/automationpractice.com\/index.php?id_category=8&amp;controller=category#size-m&quot;,&quot;rel&quot;:&quot;&quot;},&quot;3&quot;:{&quot;color&quot;:&quot;&quot;,&quot;name&quot;:&quot;L&quot;,&quot;nbr&quot;:5,&quot;url_name&quot;:null,&quot;meta_title&quot;:null,&quot;link&quot;:&quot;http:\/\/automationpractice.com\/index.php?id_category=8&amp;controller=category#size-l&quot;,&quot;rel&quot;:&quot;&quot;}},&quot;url_name&quot;:null,&quot;meta_title&quot;:null,&quot;filter_show_limit&quot;:&quot;0&quot;,&quot;filter_type&quot;:&quot;0&quot;},{&quot;type_lite&quot;:&quot;id_attribute_group&quot;,&quot;type&quot;:&quot;id_attribute_group&quot;,&quot;id_key&quot;:3,&quot;name&quot;:&quot;Color&quot;,&quot;is_color_group&quot;:true,&quot;values&quot;:{&quot;7&quot;:{&quot;color&quot;:&quot;#f5f5dc&quot;,&quot;name&quot;:&quot;Beige&quot;,&quot;nbr&quot;:1,&quot;url_name&quot;:null,&quot;meta_title&quot;:null,&quot;link&quot;:&quot;http:\/\/automationpractice.com\/index.php?id_category=8&amp;controller=category#color-beige&quot;,&quot;rel&quot;:&quot;&quot;},&quot;8&quot;:{&quot;color&quot;:&quot;#ffffff&quot;,&quot;name&quot;:&quot;White&quot;,&quot;nbr&quot;:1,&quot;url_name&quot;:null,&quot;meta_title&quot;:null,&quot;link&quot;:&quot;http:\/\/automationpractice.com\/index.php?id_category=8&amp;controller=category#color-white&quot;,&quot;rel&quot;:&quot;&quot;},&quot;11&quot;:{&quot;color&quot;:&quot;#434A54&quot;,&quot;name&quot;:&quot;Black&quot;,&quot;nbr&quot;:1,&quot;url_name&quot;:null,&quot;meta_title&quot;:null,&quot;link&quot;:&quot;http:\/\/automationpractice.com\/index.php?id_category=8&amp;controller=category#color-black&quot;,&quot;rel&quot;:&quot;&quot;},&quot;13&quot;:{&quot;color&quot;:&quot;#F39C11&quot;,&quot;name&quot;:&quot;Orange&quot;,&quot;nbr&quot;:2,&quot;url_name&quot;:null,&quot;meta_title&quot;:null,&quot;link&quot;:&quot;http:\/\/automationpractice.com\/index.php?id_category=8&amp;controller=category#color-orange&quot;,&quot;rel&quot;:&quot;&quot;},&quot;14&quot;:{&quot;color&quot;:&quot;#5D9CEC&quot;,&quot;name&quot;:&quot;Blue&quot;,&quot;nbr&quot;:1,&quot;url_name&quot;:null,&quot;meta_title&quot;:null,&quot;link&quot;:&quot;http:\/\/automationpractice.com\/index.php?id_category=8&amp;controller=category#color-blue&quot;,&quot;rel&quot;:&quot;&quot;},&quot;15&quot;:{&quot;color&quot;:&quot;#A0D468&quot;,&quot;name&quot;:&quot;Green&quot;,&quot;nbr&quot;:1,&quot;url_name&quot;:null,&quot;meta_title&quot;:null,&quot;link&quot;:&quot;http:\/\/automationpractice.com\/index.php?id_category=8&amp;controller=category#color-green&quot;,&quot;rel&quot;:&quot;&quot;},&quot;16&quot;:{&quot;color&quot;:&quot;#F1C40F&quot;,&quot;name&quot;:&quot;Yellow&quot;,&quot;nbr&quot;:3,&quot;url_name&quot;:null,&quot;meta_title&quot;:null,&quot;link&quot;:&quot;http:\/\/automationpractice.com\/index.php?id_category=8&amp;controller=category#color-yellow&quot;,&quot;rel&quot;:&quot;&quot;},&quot;24&quot;:{&quot;color&quot;:&quot;#FCCACD&quot;,&quot;name&quot;:&quot;Pink&quot;,&quot;nbr&quot;:1,&quot;url_name&quot;:null,&quot;meta_title&quot;:null,&quot;link&quot;:&quot;http:\/\/automationpractice.com\/index.php?id_category=8&amp;controller=category#color-pink&quot;,&quot;rel&quot;:&quot;&quot;}},&quot;url_name&quot;:null,&quot;meta_title&quot;:null,&quot;filter_show_limit&quot;:&quot;0&quot;,&quot;filter_type&quot;:&quot;0&quot;},{&quot;type_lite&quot;:&quot;id_feature&quot;,&quot;type&quot;:&quot;id_feature&quot;,&quot;id_key&quot;:5,&quot;values&quot;:{&quot;5&quot;:{&quot;nbr&quot;:1,&quot;name&quot;:&quot;Cotton&quot;,&quot;url_name&quot;:null,&quot;meta_title&quot;:null,&quot;link&quot;:&quot;http:\/\/automationpractice.com\/index.php?id_category=8&amp;controller=category#compositions-cotton&quot;,&quot;rel&quot;:&quot;&quot;},&quot;1&quot;:{&quot;nbr&quot;:2,&quot;name&quot;:&quot;Polyester&quot;,&quot;url_name&quot;:null,&quot;meta_title&quot;:null,&quot;link&quot;:&quot;http:\/\/automationpractice.com\/index.php?id_category=8&amp;controller=category#compositions-polyester&quot;,&quot;rel&quot;:&quot;&quot;},&quot;3&quot;:{&quot;nbr&quot;:2,&quot;name&quot;:&quot;Viscose&quot;,&quot;url_name&quot;:null,&quot;meta_title&quot;:null,&quot;link&quot;:&quot;http:\/\/automationpractice.com\/index.php?id_category=8&amp;controller=category#compositions-viscose&quot;,&quot;rel&quot;:&quot;&quot;}},&quot;name&quot;:&quot;Compositions&quot;,&quot;url_name&quot;:null,&quot;meta_title&quot;:null,&quot;filter_show_limit&quot;:&quot;0&quot;,&quot;filter_type&quot;:&quot;0&quot;},{&quot;type_lite&quot;:&quot;id_feature&quot;,&quot;type&quot;:&quot;id_feature&quot;,&quot;id_key&quot;:6,&quot;values&quot;:{&quot;11&quot;:{&quot;nbr&quot;:1,&quot;name&quot;:&quot;Casual&quot;,&quot;url_name&quot;:null,&quot;meta_title&quot;:null,&quot;link&quot;:&quot;http:\/\/automationpractice.com\/index.php?id_category=8&amp;controller=category#styles-casual&quot;,&quot;rel&quot;:&quot;&quot;},&quot;16&quot;:{&quot;nbr&quot;:1,&quot;name&quot;:&quot;Dressy&quot;,&quot;url_name&quot;:null,&quot;meta_title&quot;:null,&quot;link&quot;:&quot;http:\/\/automationpractice.com\/index.php?id_category=8&amp;controller=category#styles-dressy&quot;,&quot;rel&quot;:&quot;&quot;},&quot;13&quot;:{&quot;nbr&quot;:3,&quot;name&quot;:&quot;Girly&quot;,&quot;url_name&quot;:null,&quot;meta_title&quot;:null,&quot;link&quot;:&quot;http:\/\/automationpractice.com\/index.php?id_category=8&amp;controller=category#styles-girly&quot;,&quot;rel&quot;:&quot;&quot;}},&quot;name&quot;:&quot;Styles&quot;,&quot;url_name&quot;:null,&quot;meta_title&quot;:null,&quot;filter_show_limit&quot;:&quot;0&quot;,&quot;filter_type&quot;:&quot;0&quot;},{&quot;type_lite&quot;:&quot;id_feature&quot;,&quot;type&quot;:&quot;id_feature&quot;,&quot;id_key&quot;:7,&quot;values&quot;:{&quot;18&quot;:{&quot;nbr&quot;:1,&quot;name&quot;:&quot;Colorful Dress&quot;,&quot;url_name&quot;:null,&quot;meta_title&quot;:null,&quot;link&quot;:&quot;http:\/\/automationpractice.com\/index.php?id_category=8&amp;controller=category#properties-colorful_dress&quot;,&quot;rel&quot;:&quot;&quot;},&quot;21&quot;:{&quot;nbr&quot;:1,&quot;name&quot;:&quot;Maxi Dress&quot;,&quot;url_name&quot;:null,&quot;meta_title&quot;:null,&quot;link&quot;:&quot;http:\/\/automationpractice.com\/index.php?id_category=8&amp;controller=category#properties-maxi_dress&quot;,&quot;rel&quot;:&quot;&quot;},&quot;20&quot;:{&quot;nbr&quot;:1,&quot;name&quot;:&quot;Midi Dress&quot;,&quot;url_name&quot;:null,&quot;meta_title&quot;:null,&quot;link&quot;:&quot;http:\/\/automationpractice.com\/index.php?id_category=8&amp;controller=category#properties-midi_dress&quot;,&quot;rel&quot;:&quot;&quot;},&quot;19&quot;:{&quot;nbr&quot;:2,&quot;name&quot;:&quot;Short Dress&quot;,&quot;url_name&quot;:null,&quot;meta_title&quot;:null,&quot;link&quot;:&quot;http:\/\/automationpractice.com\/index.php?id_category=8&amp;controller=category#properties-short_dress&quot;,&quot;rel&quot;:&quot;&quot;}},&quot;name&quot;:&quot;Properties&quot;,&quot;url_name&quot;:null,&quot;meta_title&quot;:null,&quot;filter_show_limit&quot;:&quot;0&quot;,&quot;filter_type&quot;:&quot;0&quot;},{&quot;type_lite&quot;:&quot;quantity&quot;,&quot;type&quot;:&quot;quantity&quot;,&quot;id_key&quot;:0,&quot;name&quot;:&quot;Availability&quot;,&quot;values&quot;:[{&quot;name&quot;:&quot;Not available&quot;,&quot;nbr&quot;:0,&quot;link&quot;:&quot;http:\/\/automationpractice.com\/index.php?id_category=8&amp;controller=category#availability-not_available&quot;,&quot;rel&quot;:&quot;nofollow&quot;},{&quot;name&quot;:&quot;In stock&quot;,&quot;nbr&quot;:5,&quot;link&quot;:&quot;http:\/\/automationpractice.com\/index.php?id_category=8&amp;controller=category#availability-in_stock&quot;,&quot;rel&quot;:&quot;nofollow&quot;}],&quot;filter_show_limit&quot;:&quot;0&quot;,&quot;filter_type&quot;:&quot;0&quot;},{&quot;type_lite&quot;:&quot;manufacturer&quot;,&quot;type&quot;:&quot;manufacturer&quot;,&quot;id_key&quot;:0,&quot;name&quot;:&quot;Manufacturer&quot;,&quot;values&quot;:{&quot;1&quot;:{&quot;name&quot;:&quot;Fashion Manufacturer&quot;,&quot;nbr&quot;:&quot;5&quot;,&quot;link&quot;:&quot;http:\/\/automationpractice.com\/index.php?id_category=8&amp;controller=category#manufacturer-fashion_manufacturer&quot;,&quot;rel&quot;:&quot;nofollow&quot;}},&quot;filter_show_limit&quot;:&quot;0&quot;,&quot;filter_type&quot;:&quot;0&quot;},{&quot;type_lite&quot;:&quot;condition&quot;,&quot;type&quot;:&quot;condition&quot;,&quot;id_key&quot;:0,&quot;name&quot;:&quot;Condition&quot;,&quot;values&quot;:{&quot;new&quot;:{&quot;name&quot;:&quot;New&quot;,&quot;nbr&quot;:5,&quot;link&quot;:&quot;http:\/\/automationpractice.com\/index.php?id_category=8&amp;controller=category#condition-new&quot;,&quot;rel&quot;:&quot;nofollow&quot;},&quot;used&quot;:{&quot;name&quot;:&quot;Used&quot;,&quot;nbr&quot;:0,&quot;link&quot;:&quot;http:\/\/automationpractice.com\/index.php?id_category=8&amp;controller=category#condition-used&quot;,&quot;rel&quot;:&quot;nofollow&quot;},&quot;refurbished&quot;:{&quot;name&quot;:&quot;Refurbished&quot;,&quot;nbr&quot;:0,&quot;link&quot;:&quot;http:\/\/automationpractice.com\/index.php?id_category=8&amp;controller=category#condition-refurbished&quot;,&quot;rel&quot;:&quot;nofollow&quot;}},&quot;filter_show_limit&quot;:&quot;0&quot;,&quot;filter_type&quot;:&quot;0&quot;},{&quot;type_lite&quot;:&quot;price&quot;,&quot;type&quot;:&quot;price&quot;,&quot;id_key&quot;:0,&quot;name&quot;:&quot;Price&quot;,&quot;slider&quot;:true,&quot;max&quot;:&quot;53&quot;,&quot;min&quot;:&quot;16&quot;,&quot;values&quot;:{&quot;1&quot;:&quot;53&quot;,&quot;0&quot;:&quot;16&quot;},&quot;unit&quot;:&quot;$&quot;,&quot;format&quot;:&quot;1&quot;,&quot;filter_show_limit&quot;:&quot;0&quot;,&quot;filter_type&quot;:&quot;0&quot;}];
var freeProductTranslation = ' , &quot;'&quot; , 'Free!' , &quot;'&quot; , ';
var freeShippingTranslation = ' , &quot;'&quot; , 'Free shipping!' , &quot;'&quot; , ';
var generated_date = 1522248415;
var id_lang = 1;
var img_dir = ' , &quot;'&quot; , 'http://automationpractice.com/themes/default-bootstrap/img/' , &quot;'&quot; , ';
var instantsearch = false;
var isGuest = 0;
var isLogged = 1;
var loggin_required = ' , &quot;'&quot; , 'You must be logged in to manage your wishlist.' , &quot;'&quot; , ';
var max_item = ' , &quot;'&quot; , 'You cannot add more than 3 product(s) to the product comparison' , &quot;'&quot; , ';
var min_item = ' , &quot;'&quot; , 'Please select at least one product' , &quot;'&quot; , ';
var mywishlist_url = ' , &quot;'&quot; , 'http://automationpractice.com/index.php?fc=module&amp;module=blockwishlist&amp;controller=mywishlist' , &quot;'&quot; , ';
var page_name = ' , &quot;'&quot; , 'category' , &quot;'&quot; , ';
var param_product_url = ' , &quot;'&quot; , '#' , &quot;'&quot; , ';
var placeholder_blocknewsletter = ' , &quot;'&quot; , 'Enter your e-mail' , &quot;'&quot; , ';
var priceDisplayMethod = 1;
var priceDisplayPrecision = 2;
var quickView = true;
var removingLinkText = ' , &quot;'&quot; , 'remove this product from my cart' , &quot;'&quot; , ';
var request = ' , &quot;'&quot; , 'http://automationpractice.com/index.php?id_category=8&amp;controller=category' , &quot;'&quot; , ';
var roundMode = 2;
var search_url = ' , &quot;'&quot; , 'http://automationpractice.com/index.php?controller=search' , &quot;'&quot; , ';
var static_token = ' , &quot;'&quot; , 'b842f4a42956685333000db0ab174863' , &quot;'&quot; , ';
var token = ' , &quot;'&quot; , 'f0d7e4320d9dcd64ff64d5b43bc0abed' , &quot;'&quot; , ';
var usingSecureMode = false;
var wishlistProductsIds = false;


		
		
		
		
		
		
		
		
		
		
		
		
		
		
		
		
		
		
		
		
		
		
		
		
		
		
		
		
			
		
		
	.fancybox-margin{margin-right:17px;}#katalon{font-family:monospace;font-size:13px;background-color:rgba(0,0,0,.7);position:fixed;top:0;left:0;right:0;display:block;z-index:999999999;line-height: normal} #katalon div{padding:0;margin:0;color:#fff;} #katalon kbd{display:inline-block;padding:3px 5px;font:13px Consolas,&quot;Liberation Mono&quot;,Menlo,Courier,monospace;line-height:10px;color:#555;vertical-align:middle;background-color:#fcfcfc;border:1px solid #ccc;border-bottom-color:#bbb;border-radius:3px;box-shadow:inset 0 -1px 0 #bbb;font-weight: bold} div#katalon-elementInfoDiv {color: lightblue; padding: 5px}
	
					
			
				
					
						
							
								
	


							
						
					
					
						
							
								
	
		Chapel Kabir
	

			
			Sign out
		
	




	Contact us

	
		Call us now: 0123-456-789
	

							
						
					
					
						
							
								
									
										
									
								
								

	
		
		
		
		
		
			Search
		
	



	
		
			Cart
			0
			Product
			Products
			
							
			(empty)
					
					
				
					
					
												
							No products
						
												
							
								
																			Free shipping!
																	
								
									Shipping
								
							
																					
								$0.00
								Total
							
													
						
							
								
									Check out
								
							
						
					
				
			
			


	
		
			
				
				
					Product successfully added to your shopping cart
				
				
				
				
					
					
					
						Quantity
						
					
					
						Total
						
					
				
			
			
				
					
					
						There are 0 items in your cart.
					
					
					
						There is 1 item in your cart.
					
				
	
				
					
						Total products
											
					
											
				
	
								
					
						Total shipping 					
					
													Free shipping!
											
				
									
					
						Total
											
					
											
				
					
					
						
							Continue shopping
						
					
					
						
							Proceed to checkout
						
						
				
			
		
		
	 
	

	
	
		Categories
		
			WomenTopsT-shirtsBlousesDressesCasual DressesEvening DressesSummer DressesDressesCasual DressesEvening DressesSummer DressesT-shirts
					
	
	
							
						
					
				
			
			
				
											


	
			>
					Women>Dresses
			

										
						
					
					
												

	
					Dresses
			
	
		
												

	
		Casual Dresses
	
	

																

	
		Evening Dresses
	
	

																

	
		Summer Dresses
	
	

									
	





	Catalog
	
		
			
																										
						                        
                            Categories
                            
						
						
																																												
																							 
																						
																								Casual Dresses (1)
																							
										
																																							
																							 
																						
																								Evening Dresses (1)
																							
										
																																							
																							 
																						
																								Summer Dresses (3)
																							
										
																																															
					
																											
						                        
                            Size
                            
						
						
																																												
																							 
																						
																								S (5)
																							
										
																																							
																							 
																						
																								M (5)
																							
										
																																							
																							 
																						
																								L (5)
																							
										
																																															
					
																											
						                        
                            Color
                            
						
						
																																												
																							
																																		
																								Beige (1)
																							
										
																																							
																							
																																		
																								White (1)
																							
										
																																							
																							
																																		
																								Black (1)
																							
										
																																							
																							
																																		
																								Orange (2)
																							
										
																																							
																							
																																		
																								Blue (1)
																							
										
																																							
																							
																																		
																								Green (1)
																							
										
																																							
																							
																																		
																								Yellow (3)
																							
										
																																							
																							
																																		
																								Pink (1)
																							
										
																																															
					
																											
						                        
                            Compositions
                            
						
						
																																												
																							 
																						
																								Cotton (1)
																							
										
																																							
																							 
																						
																								Polyester (2)
																							
										
																																							
																							 
																						
																								Viscose (2)
																							
										
																																															
					
																											
						                        
                            Styles
                            
						
						
																																												
																							 
																						
																								Casual (1)
																							
										
																																							
																							 
																						
																								Dressy (1)
																							
										
																																							
																							 
																						
																								Girly (3)
																							
										
																																															
					
																											
						                        
                            Properties
                            
						
						
																																												
																							 
																						
																								Colorful Dress (1)
																							
										
																																							
																							 
																						
																								Maxi Dress (1)
																							
										
																																							
																							 
																						
																								Midi Dress (1)
																							
										
																																							
																							 
																						
																								Short Dress (2)
																							
										
																																															
					
																											
						                        
                            Availability
                            
						
						
																																																															
																							 
																						
																								In stock (5)
																							
										
																																															
					
																											
						                        
                            Manufacturer
                            
						
						
																																												
																							 
																						
																								Fashion Manufacturer (5)
																							
										
																																															
					
																											
						                        
                            Condition
                            
						
						
																																												
																							 
																						
																								New (5)
																							
										
																																																																																					
					
																											
						                        
                            Price
                            
						
						
																								
										Range:
									 
									$16.00 - $53.00
									
										
									
																												
					
												
			
																																																																																																																																																																												
	
	
		
			
			Loading...
		
	


	
			
			
				
					Information				
			
			
				
																							
								
									Delivery
								
							
																								
								
									Legal Notice
								
							
																								
								
									Terms and conditions of use
								
							
																								
								
									About us
								
							
																								
								
									Secure payment
								
							
																						
							
								Our stores
							
						
									
			
		
		


	
        
            Specials
        
    
	
    		
        	
            	
                    
                
                
                	
                        
                            Printed Chiffon Dress
                        
                    
                                        	
                            Printed chiffon knee length dress...
                        
                                        
                    	                        	
                                $16.40
                                                            
                                                                                                                                 -20%
                                                                                         
                                $20.50
                                                            
                                            
                
            
		
		
			
                All specials
            
		
    	



	
		
			Our stores
		
	
	
		
			
				
			
		
				
			
				Discover our stores
			
		
	



																		
	

	    				
            	                     
                    
                                                    
                            
                                Dresses                            
                                                            Find your favorites dresses from our wide choice of evening, casual or summer dresses!
We offer dresses for every day, every style and every occasion.
                                                        
                                             
                              
				Dresses There are 5 products.

		        		
		
			Subcategories
			
							
                	
						
													
											
                   	
					Casual Dresses
											You are looking for a dress for every day? Take a look at
our selection of dresses to find one that suits you.
									
							
                	
						
													
											
                   	
					Evening Dresses
											Browse our different dresses to choose the perfect dress for an unforgettable evening!
									
							
                	
						
													
											
                   	
					Summer Dresses
											Short dress, long dress, silk dress, printed dress, you will find the perfect dress for summer.
									
						
		
        							
            	
            		
	View
    Grid
    List



	
		Sort by
		--
			--
							Price: Lowest first
				Price: Highest first
						Product Name: A to Z
			Product Name: Z to A
							In stock
						Reference: Lowest first
			Reference: Highest first
		
	


			
	
                								
		

				
                
                		
		
			Compare (0)
		
		
		
	
			
		
		
		
	
					
	
												
	
	    			
    
    	        	                        	                        	Showing 1 - 5 of 5 items
		    
	

                
			
				
									
		
	
	
	
			
		
		
								
			
				
					
						
							
						
													
							
								
							
						
						
							Quick view
						
																			
																	
										$26.00									
									
																		
									
															
																							
					
					
				
				
					
												
							Printed Dress
						
					
					
					
						100% cotton double printed dress. Black and white striped top and orange high waisted skater skirt bottom.
					
										
													
								$26.00							
							
														
							
											
										
																														
										Add to cart
									
																											
							More
						
					
											
					
			
							
		
	
										
																														
																		
																	
										In stock									
															
															
					 				
						

	
		Add to Wishlist
	

													
								Add to Compare
							
											
							
		
			
		
		
								
			
				
					
						
							
						
													
							
								
							
						
						
							Quick view
						
																			
																	
										$50.99									
									
																		
									
															
																							
					
					
				
				
					
												
							Printed Dress
						
					
					
					
						Printed evening dress with straight sleeves with black thin waist belt and ruffled linings.
					
										
													
								$50.99							
							
														
							
											
										
																														
										Add to cart
									
																											
							More
						
					
											
					
			
							
		
					
			
							
		
	
										
																														
																		
																	
										In stock									
															
															
					 				
						

	
		Add to Wishlist
	

													
								Add to Compare
							
											
							
		
			
		
		
								
			
				
					
						
							
						
													
							
								
							
						
						
							Quick view
						
																			
																	
										$28.98									
									
																			
										
											$30.51
										
																					-5%
																												
									
															
																							
					
					
				
				
					
												
							Printed Summer Dress
						
					
					
					
						Long printed dress with thin adjustable straps. V-neckline and wiring under the bust with ruffles at the bottom of the dress.
					
										
													
								$28.98							
							
															
								
									$30.51
								
								
																	-5%
																						
							
											
										
																														
										Add to cart
									
																											
							More
						
					
											
					
			
							
		
					
			
							
		
					
			
							
		
					
			
							
		
	
										
																																	Reduced price!
												
																		
																	
										In stock									
															
															
					 				
						

	
		Add to Wishlist
	

													
								Add to Compare
							
											
							
		
			
		
		
								
			
				
					
						
							
						
													
							
								
							
						
						
							Quick view
						
																			
																	
										$30.50									
									
																		
									
															
																							
					
					
				
				
					
												
							Printed Summer Dress
						
					
					
					
						Sleeveless knee-length chiffon dress. V-neckline with elastic under the bust lining.
					
										
													
								$30.50							
							
														
							
											
										
																														
										Add to cart
									
																											
							More
						
					
											
					
			
							
		
					
			
							
		
	
										
																														
																		
																	
										In stock									
															
															
					 				
						

	
		Add to Wishlist
	

													
								Add to Compare
							
											
							
		
			
		
		
								
			
				
					
						
							
						
													
							
								
							
						
						
							Quick view
						
																			
																	
										$16.40									
									
																			
										
											$20.50
										
																					-20%
																												
									
															
																							
					
					
				
				
					
												
							Printed Chiffon Dress
						
					
					
					
						Printed chiffon knee length dress with tank straps. Deep v-neckline.
					
										
													
								$16.40							
							
															
								
									$20.50
								
								
																	-20%
																						
							
											
										
																														
										Add to cart
									
																											
							More
						
					
											
					
			
							
		
					
			
							
		
	
										
																																	Reduced price!
												
																		
																	
										In stock									
															
															
					 				
						

	
		Add to Wishlist
	

													
								Add to Compare
							
											
							
		
		





			
				
						
		
			Compare (0)
		
		
		
	
	
                    
	
												
	
	    			
    
    	        	                        	                        	Showing 1 - 5 of 5 items
		    
	

				
			
								
										
				
			
							
				
					
						

	Newsletter
	
		
			
				
                
                    Ok
                
				
			
		
	



	
					
				
					Facebook
				
			
							
				
					Twitter
				
			
				                	
        		
        			Youtube
        		
        	
                        	
        		
        			Google Plus
        		
        	
                	
    Follow us




	Categories
	
		
			
												

	 
		Women
	
			
												

	 
		Tops
	
			
												

	
		T-shirts
	
	

																

	
		Blouses
	
	

									
	

																

	 
		Dresses
	
			
												

	
		Casual Dresses
	
	

																

	
		Evening Dresses
	
	

																

	
		Summer Dresses
	
	

									
	

									
	

							
										
		
	 


	
	
		Information
		
							
					
						Specials
					
				
									
				
					New products
				
			
										
					
						Best sellers
					
				
										
					
						Our stores
					
				
									
				
					Contact us
				
			
															
						
							Terms and conditions of use
						
					
																
						
							About us
						
					
													
				
					Sitemap
				
			
					
		
	
		
		
			© 2014 Ecommerce software by PrestaShop™
		
	
		


	My account
	
		
			My orders
						My credit slips
			My addresses
			My personal info
						
            Sign out		
	




	
        Store information
        
                        	
            		Selenium Framework, Research Triangle Park,
North Carolina,
USA            	
                                    	
            		Call us now: 
            		(347) 466-7432
            	
                                    	
            		Email: 
            		support@seleniumframework.com
            	
                    
    



					
				
					
/html[1]') or . = concat('
		
		Dresses - My Store
		
		
		
		 
		 
		
		
			
			
			
			
			
			
			
			
			
			
			
			
			
			
			
			
			
			
			
			
			
			
			
			
			
			
			
			
			
		
var CUSTOMIZE_TEXTFIELD = 1;
var FancyboxI18nClose = ' , &quot;'&quot; , 'Close' , &quot;'&quot; , ';
var FancyboxI18nNext = ' , &quot;'&quot; , 'Next' , &quot;'&quot; , ';
var FancyboxI18nPrev = ' , &quot;'&quot; , 'Previous' , &quot;'&quot; , ';
var added_to_wishlist = ' , &quot;'&quot; , 'Added to your wishlist.' , &quot;'&quot; , ';
var ajax_allowed = true;
var ajaxsearch = true;
var baseDir = ' , &quot;'&quot; , 'http://automationpractice.com/' , &quot;'&quot; , ';
var baseUri = ' , &quot;'&quot; , 'http://automationpractice.com/index.php' , &quot;'&quot; , ';
var blocklayeredSliderName = {&quot;price&quot;:&quot;price&quot;,&quot;weight&quot;:&quot;weight&quot;};
var blocksearch_type = ' , &quot;'&quot; , 'top' , &quot;'&quot; , ';
var comparator_max_item = 3;
var comparedProductsIds = [];
var contentOnly = false;
var customizationIdMessage = ' , &quot;'&quot; , 'Customization #' , &quot;'&quot; , ';
var delete_txt = ' , &quot;'&quot; , 'Delete' , &quot;'&quot; , ';
var displayList = false;
var filters = [{&quot;type_lite&quot;:&quot;category&quot;,&quot;type&quot;:&quot;category&quot;,&quot;id_key&quot;:0,&quot;name&quot;:&quot;Categories&quot;,&quot;values&quot;:{&quot;9&quot;:{&quot;name&quot;:&quot;Casual Dresses&quot;,&quot;nbr&quot;:1,&quot;link&quot;:&quot;http:\/\/automationpractice.com\/index.php?id_category=8&amp;controller=category#categories-casual_dresses&quot;,&quot;rel&quot;:&quot;nofollow&quot;},&quot;10&quot;:{&quot;name&quot;:&quot;Evening Dresses&quot;,&quot;nbr&quot;:1,&quot;link&quot;:&quot;http:\/\/automationpractice.com\/index.php?id_category=8&amp;controller=category#categories-evening_dresses&quot;,&quot;rel&quot;:&quot;nofollow&quot;},&quot;11&quot;:{&quot;name&quot;:&quot;Summer Dresses&quot;,&quot;nbr&quot;:3,&quot;link&quot;:&quot;http:\/\/automationpractice.com\/index.php?id_category=8&amp;controller=category#categories-summer_dresses&quot;,&quot;rel&quot;:&quot;nofollow&quot;}},&quot;filter_show_limit&quot;:&quot;0&quot;,&quot;filter_type&quot;:&quot;0&quot;},{&quot;type_lite&quot;:&quot;id_attribute_group&quot;,&quot;type&quot;:&quot;id_attribute_group&quot;,&quot;id_key&quot;:1,&quot;name&quot;:&quot;Size&quot;,&quot;is_color_group&quot;:false,&quot;values&quot;:{&quot;1&quot;:{&quot;color&quot;:&quot;&quot;,&quot;name&quot;:&quot;S&quot;,&quot;nbr&quot;:5,&quot;url_name&quot;:null,&quot;meta_title&quot;:null,&quot;link&quot;:&quot;http:\/\/automationpractice.com\/index.php?id_category=8&amp;controller=category#size-s&quot;,&quot;rel&quot;:&quot;&quot;},&quot;2&quot;:{&quot;color&quot;:&quot;&quot;,&quot;name&quot;:&quot;M&quot;,&quot;nbr&quot;:5,&quot;url_name&quot;:null,&quot;meta_title&quot;:null,&quot;link&quot;:&quot;http:\/\/automationpractice.com\/index.php?id_category=8&amp;controller=category#size-m&quot;,&quot;rel&quot;:&quot;&quot;},&quot;3&quot;:{&quot;color&quot;:&quot;&quot;,&quot;name&quot;:&quot;L&quot;,&quot;nbr&quot;:5,&quot;url_name&quot;:null,&quot;meta_title&quot;:null,&quot;link&quot;:&quot;http:\/\/automationpractice.com\/index.php?id_category=8&amp;controller=category#size-l&quot;,&quot;rel&quot;:&quot;&quot;}},&quot;url_name&quot;:null,&quot;meta_title&quot;:null,&quot;filter_show_limit&quot;:&quot;0&quot;,&quot;filter_type&quot;:&quot;0&quot;},{&quot;type_lite&quot;:&quot;id_attribute_group&quot;,&quot;type&quot;:&quot;id_attribute_group&quot;,&quot;id_key&quot;:3,&quot;name&quot;:&quot;Color&quot;,&quot;is_color_group&quot;:true,&quot;values&quot;:{&quot;7&quot;:{&quot;color&quot;:&quot;#f5f5dc&quot;,&quot;name&quot;:&quot;Beige&quot;,&quot;nbr&quot;:1,&quot;url_name&quot;:null,&quot;meta_title&quot;:null,&quot;link&quot;:&quot;http:\/\/automationpractice.com\/index.php?id_category=8&amp;controller=category#color-beige&quot;,&quot;rel&quot;:&quot;&quot;},&quot;8&quot;:{&quot;color&quot;:&quot;#ffffff&quot;,&quot;name&quot;:&quot;White&quot;,&quot;nbr&quot;:1,&quot;url_name&quot;:null,&quot;meta_title&quot;:null,&quot;link&quot;:&quot;http:\/\/automationpractice.com\/index.php?id_category=8&amp;controller=category#color-white&quot;,&quot;rel&quot;:&quot;&quot;},&quot;11&quot;:{&quot;color&quot;:&quot;#434A54&quot;,&quot;name&quot;:&quot;Black&quot;,&quot;nbr&quot;:1,&quot;url_name&quot;:null,&quot;meta_title&quot;:null,&quot;link&quot;:&quot;http:\/\/automationpractice.com\/index.php?id_category=8&amp;controller=category#color-black&quot;,&quot;rel&quot;:&quot;&quot;},&quot;13&quot;:{&quot;color&quot;:&quot;#F39C11&quot;,&quot;name&quot;:&quot;Orange&quot;,&quot;nbr&quot;:2,&quot;url_name&quot;:null,&quot;meta_title&quot;:null,&quot;link&quot;:&quot;http:\/\/automationpractice.com\/index.php?id_category=8&amp;controller=category#color-orange&quot;,&quot;rel&quot;:&quot;&quot;},&quot;14&quot;:{&quot;color&quot;:&quot;#5D9CEC&quot;,&quot;name&quot;:&quot;Blue&quot;,&quot;nbr&quot;:1,&quot;url_name&quot;:null,&quot;meta_title&quot;:null,&quot;link&quot;:&quot;http:\/\/automationpractice.com\/index.php?id_category=8&amp;controller=category#color-blue&quot;,&quot;rel&quot;:&quot;&quot;},&quot;15&quot;:{&quot;color&quot;:&quot;#A0D468&quot;,&quot;name&quot;:&quot;Green&quot;,&quot;nbr&quot;:1,&quot;url_name&quot;:null,&quot;meta_title&quot;:null,&quot;link&quot;:&quot;http:\/\/automationpractice.com\/index.php?id_category=8&amp;controller=category#color-green&quot;,&quot;rel&quot;:&quot;&quot;},&quot;16&quot;:{&quot;color&quot;:&quot;#F1C40F&quot;,&quot;name&quot;:&quot;Yellow&quot;,&quot;nbr&quot;:3,&quot;url_name&quot;:null,&quot;meta_title&quot;:null,&quot;link&quot;:&quot;http:\/\/automationpractice.com\/index.php?id_category=8&amp;controller=category#color-yellow&quot;,&quot;rel&quot;:&quot;&quot;},&quot;24&quot;:{&quot;color&quot;:&quot;#FCCACD&quot;,&quot;name&quot;:&quot;Pink&quot;,&quot;nbr&quot;:1,&quot;url_name&quot;:null,&quot;meta_title&quot;:null,&quot;link&quot;:&quot;http:\/\/automationpractice.com\/index.php?id_category=8&amp;controller=category#color-pink&quot;,&quot;rel&quot;:&quot;&quot;}},&quot;url_name&quot;:null,&quot;meta_title&quot;:null,&quot;filter_show_limit&quot;:&quot;0&quot;,&quot;filter_type&quot;:&quot;0&quot;},{&quot;type_lite&quot;:&quot;id_feature&quot;,&quot;type&quot;:&quot;id_feature&quot;,&quot;id_key&quot;:5,&quot;values&quot;:{&quot;5&quot;:{&quot;nbr&quot;:1,&quot;name&quot;:&quot;Cotton&quot;,&quot;url_name&quot;:null,&quot;meta_title&quot;:null,&quot;link&quot;:&quot;http:\/\/automationpractice.com\/index.php?id_category=8&amp;controller=category#compositions-cotton&quot;,&quot;rel&quot;:&quot;&quot;},&quot;1&quot;:{&quot;nbr&quot;:2,&quot;name&quot;:&quot;Polyester&quot;,&quot;url_name&quot;:null,&quot;meta_title&quot;:null,&quot;link&quot;:&quot;http:\/\/automationpractice.com\/index.php?id_category=8&amp;controller=category#compositions-polyester&quot;,&quot;rel&quot;:&quot;&quot;},&quot;3&quot;:{&quot;nbr&quot;:2,&quot;name&quot;:&quot;Viscose&quot;,&quot;url_name&quot;:null,&quot;meta_title&quot;:null,&quot;link&quot;:&quot;http:\/\/automationpractice.com\/index.php?id_category=8&amp;controller=category#compositions-viscose&quot;,&quot;rel&quot;:&quot;&quot;}},&quot;name&quot;:&quot;Compositions&quot;,&quot;url_name&quot;:null,&quot;meta_title&quot;:null,&quot;filter_show_limit&quot;:&quot;0&quot;,&quot;filter_type&quot;:&quot;0&quot;},{&quot;type_lite&quot;:&quot;id_feature&quot;,&quot;type&quot;:&quot;id_feature&quot;,&quot;id_key&quot;:6,&quot;values&quot;:{&quot;11&quot;:{&quot;nbr&quot;:1,&quot;name&quot;:&quot;Casual&quot;,&quot;url_name&quot;:null,&quot;meta_title&quot;:null,&quot;link&quot;:&quot;http:\/\/automationpractice.com\/index.php?id_category=8&amp;controller=category#styles-casual&quot;,&quot;rel&quot;:&quot;&quot;},&quot;16&quot;:{&quot;nbr&quot;:1,&quot;name&quot;:&quot;Dressy&quot;,&quot;url_name&quot;:null,&quot;meta_title&quot;:null,&quot;link&quot;:&quot;http:\/\/automationpractice.com\/index.php?id_category=8&amp;controller=category#styles-dressy&quot;,&quot;rel&quot;:&quot;&quot;},&quot;13&quot;:{&quot;nbr&quot;:3,&quot;name&quot;:&quot;Girly&quot;,&quot;url_name&quot;:null,&quot;meta_title&quot;:null,&quot;link&quot;:&quot;http:\/\/automationpractice.com\/index.php?id_category=8&amp;controller=category#styles-girly&quot;,&quot;rel&quot;:&quot;&quot;}},&quot;name&quot;:&quot;Styles&quot;,&quot;url_name&quot;:null,&quot;meta_title&quot;:null,&quot;filter_show_limit&quot;:&quot;0&quot;,&quot;filter_type&quot;:&quot;0&quot;},{&quot;type_lite&quot;:&quot;id_feature&quot;,&quot;type&quot;:&quot;id_feature&quot;,&quot;id_key&quot;:7,&quot;values&quot;:{&quot;18&quot;:{&quot;nbr&quot;:1,&quot;name&quot;:&quot;Colorful Dress&quot;,&quot;url_name&quot;:null,&quot;meta_title&quot;:null,&quot;link&quot;:&quot;http:\/\/automationpractice.com\/index.php?id_category=8&amp;controller=category#properties-colorful_dress&quot;,&quot;rel&quot;:&quot;&quot;},&quot;21&quot;:{&quot;nbr&quot;:1,&quot;name&quot;:&quot;Maxi Dress&quot;,&quot;url_name&quot;:null,&quot;meta_title&quot;:null,&quot;link&quot;:&quot;http:\/\/automationpractice.com\/index.php?id_category=8&amp;controller=category#properties-maxi_dress&quot;,&quot;rel&quot;:&quot;&quot;},&quot;20&quot;:{&quot;nbr&quot;:1,&quot;name&quot;:&quot;Midi Dress&quot;,&quot;url_name&quot;:null,&quot;meta_title&quot;:null,&quot;link&quot;:&quot;http:\/\/automationpractice.com\/index.php?id_category=8&amp;controller=category#properties-midi_dress&quot;,&quot;rel&quot;:&quot;&quot;},&quot;19&quot;:{&quot;nbr&quot;:2,&quot;name&quot;:&quot;Short Dress&quot;,&quot;url_name&quot;:null,&quot;meta_title&quot;:null,&quot;link&quot;:&quot;http:\/\/automationpractice.com\/index.php?id_category=8&amp;controller=category#properties-short_dress&quot;,&quot;rel&quot;:&quot;&quot;}},&quot;name&quot;:&quot;Properties&quot;,&quot;url_name&quot;:null,&quot;meta_title&quot;:null,&quot;filter_show_limit&quot;:&quot;0&quot;,&quot;filter_type&quot;:&quot;0&quot;},{&quot;type_lite&quot;:&quot;quantity&quot;,&quot;type&quot;:&quot;quantity&quot;,&quot;id_key&quot;:0,&quot;name&quot;:&quot;Availability&quot;,&quot;values&quot;:[{&quot;name&quot;:&quot;Not available&quot;,&quot;nbr&quot;:0,&quot;link&quot;:&quot;http:\/\/automationpractice.com\/index.php?id_category=8&amp;controller=category#availability-not_available&quot;,&quot;rel&quot;:&quot;nofollow&quot;},{&quot;name&quot;:&quot;In stock&quot;,&quot;nbr&quot;:5,&quot;link&quot;:&quot;http:\/\/automationpractice.com\/index.php?id_category=8&amp;controller=category#availability-in_stock&quot;,&quot;rel&quot;:&quot;nofollow&quot;}],&quot;filter_show_limit&quot;:&quot;0&quot;,&quot;filter_type&quot;:&quot;0&quot;},{&quot;type_lite&quot;:&quot;manufacturer&quot;,&quot;type&quot;:&quot;manufacturer&quot;,&quot;id_key&quot;:0,&quot;name&quot;:&quot;Manufacturer&quot;,&quot;values&quot;:{&quot;1&quot;:{&quot;name&quot;:&quot;Fashion Manufacturer&quot;,&quot;nbr&quot;:&quot;5&quot;,&quot;link&quot;:&quot;http:\/\/automationpractice.com\/index.php?id_category=8&amp;controller=category#manufacturer-fashion_manufacturer&quot;,&quot;rel&quot;:&quot;nofollow&quot;}},&quot;filter_show_limit&quot;:&quot;0&quot;,&quot;filter_type&quot;:&quot;0&quot;},{&quot;type_lite&quot;:&quot;condition&quot;,&quot;type&quot;:&quot;condition&quot;,&quot;id_key&quot;:0,&quot;name&quot;:&quot;Condition&quot;,&quot;values&quot;:{&quot;new&quot;:{&quot;name&quot;:&quot;New&quot;,&quot;nbr&quot;:5,&quot;link&quot;:&quot;http:\/\/automationpractice.com\/index.php?id_category=8&amp;controller=category#condition-new&quot;,&quot;rel&quot;:&quot;nofollow&quot;},&quot;used&quot;:{&quot;name&quot;:&quot;Used&quot;,&quot;nbr&quot;:0,&quot;link&quot;:&quot;http:\/\/automationpractice.com\/index.php?id_category=8&amp;controller=category#condition-used&quot;,&quot;rel&quot;:&quot;nofollow&quot;},&quot;refurbished&quot;:{&quot;name&quot;:&quot;Refurbished&quot;,&quot;nbr&quot;:0,&quot;link&quot;:&quot;http:\/\/automationpractice.com\/index.php?id_category=8&amp;controller=category#condition-refurbished&quot;,&quot;rel&quot;:&quot;nofollow&quot;}},&quot;filter_show_limit&quot;:&quot;0&quot;,&quot;filter_type&quot;:&quot;0&quot;},{&quot;type_lite&quot;:&quot;price&quot;,&quot;type&quot;:&quot;price&quot;,&quot;id_key&quot;:0,&quot;name&quot;:&quot;Price&quot;,&quot;slider&quot;:true,&quot;max&quot;:&quot;53&quot;,&quot;min&quot;:&quot;16&quot;,&quot;values&quot;:{&quot;1&quot;:&quot;53&quot;,&quot;0&quot;:&quot;16&quot;},&quot;unit&quot;:&quot;$&quot;,&quot;format&quot;:&quot;1&quot;,&quot;filter_show_limit&quot;:&quot;0&quot;,&quot;filter_type&quot;:&quot;0&quot;}];
var freeProductTranslation = ' , &quot;'&quot; , 'Free!' , &quot;'&quot; , ';
var freeShippingTranslation = ' , &quot;'&quot; , 'Free shipping!' , &quot;'&quot; , ';
var generated_date = 1522248415;
var id_lang = 1;
var img_dir = ' , &quot;'&quot; , 'http://automationpractice.com/themes/default-bootstrap/img/' , &quot;'&quot; , ';
var instantsearch = false;
var isGuest = 0;
var isLogged = 1;
var loggin_required = ' , &quot;'&quot; , 'You must be logged in to manage your wishlist.' , &quot;'&quot; , ';
var max_item = ' , &quot;'&quot; , 'You cannot add more than 3 product(s) to the product comparison' , &quot;'&quot; , ';
var min_item = ' , &quot;'&quot; , 'Please select at least one product' , &quot;'&quot; , ';
var mywishlist_url = ' , &quot;'&quot; , 'http://automationpractice.com/index.php?fc=module&amp;module=blockwishlist&amp;controller=mywishlist' , &quot;'&quot; , ';
var page_name = ' , &quot;'&quot; , 'category' , &quot;'&quot; , ';
var param_product_url = ' , &quot;'&quot; , '#' , &quot;'&quot; , ';
var placeholder_blocknewsletter = ' , &quot;'&quot; , 'Enter your e-mail' , &quot;'&quot; , ';
var priceDisplayMethod = 1;
var priceDisplayPrecision = 2;
var quickView = true;
var removingLinkText = ' , &quot;'&quot; , 'remove this product from my cart' , &quot;'&quot; , ';
var request = ' , &quot;'&quot; , 'http://automationpractice.com/index.php?id_category=8&amp;controller=category' , &quot;'&quot; , ';
var roundMode = 2;
var search_url = ' , &quot;'&quot; , 'http://automationpractice.com/index.php?controller=search' , &quot;'&quot; , ';
var static_token = ' , &quot;'&quot; , 'b842f4a42956685333000db0ab174863' , &quot;'&quot; , ';
var token = ' , &quot;'&quot; , 'f0d7e4320d9dcd64ff64d5b43bc0abed' , &quot;'&quot; , ';
var usingSecureMode = false;
var wishlistProductsIds = false;


		
		
		
		
		
		
		
		
		
		
		
		
		
		
		
		
		
		
		
		
		
		
		
		
		
		
		
		
			
		
		
	.fancybox-margin{margin-right:17px;}#katalon{font-family:monospace;font-size:13px;background-color:rgba(0,0,0,.7);position:fixed;top:0;left:0;right:0;display:block;z-index:999999999;line-height: normal} #katalon div{padding:0;margin:0;color:#fff;} #katalon kbd{display:inline-block;padding:3px 5px;font:13px Consolas,&quot;Liberation Mono&quot;,Menlo,Courier,monospace;line-height:10px;color:#555;vertical-align:middle;background-color:#fcfcfc;border:1px solid #ccc;border-bottom-color:#bbb;border-radius:3px;box-shadow:inset 0 -1px 0 #bbb;font-weight: bold} div#katalon-elementInfoDiv {color: lightblue; padding: 5px}
	
					
			
				
					
						
							
								
	


							
						
					
					
						
							
								
	
		Chapel Kabir
	

			
			Sign out
		
	




	Contact us

	
		Call us now: 0123-456-789
	

							
						
					
					
						
							
								
									
										
									
								
								

	
		
		
		
		
		
			Search
		
	



	
		
			Cart
			0
			Product
			Products
			
							
			(empty)
					
					
				
					
					
												
							No products
						
												
							
								
																			Free shipping!
																	
								
									Shipping
								
							
																					
								$0.00
								Total
							
													
						
							
								
									Check out
								
							
						
					
				
			
			


	
		
			
				
				
					Product successfully added to your shopping cart
				
				
				
				
					
					
					
						Quantity
						
					
					
						Total
						
					
				
			
			
				
					
					
						There are 0 items in your cart.
					
					
					
						There is 1 item in your cart.
					
				
	
				
					
						Total products
											
					
											
				
	
								
					
						Total shipping 					
					
													Free shipping!
											
				
									
					
						Total
											
					
											
				
					
					
						
							Continue shopping
						
					
					
						
							Proceed to checkout
						
						
				
			
		
		
	 
	

	
	
		Categories
		
			WomenTopsT-shirtsBlousesDressesCasual DressesEvening DressesSummer DressesDressesCasual DressesEvening DressesSummer DressesT-shirts
					
	
	
							
						
					
				
			
			
				
											


	
			>
					Women>Dresses
			

										
						
					
					
												

	
					Dresses
			
	
		
												

	
		Casual Dresses
	
	

																

	
		Evening Dresses
	
	

																

	
		Summer Dresses
	
	

									
	





	Catalog
	
		
			
																										
						                        
                            Categories
                            
						
						
																																												
																							 
																						
																								Casual Dresses (1)
																							
										
																																							
																							 
																						
																								Evening Dresses (1)
																							
										
																																							
																							 
																						
																								Summer Dresses (3)
																							
										
																																															
					
																											
						                        
                            Size
                            
						
						
																																												
																							 
																						
																								S (5)
																							
										
																																							
																							 
																						
																								M (5)
																							
										
																																							
																							 
																						
																								L (5)
																							
										
																																															
					
																											
						                        
                            Color
                            
						
						
																																												
																							
																																		
																								Beige (1)
																							
										
																																							
																							
																																		
																								White (1)
																							
										
																																							
																							
																																		
																								Black (1)
																							
										
																																							
																							
																																		
																								Orange (2)
																							
										
																																							
																							
																																		
																								Blue (1)
																							
										
																																							
																							
																																		
																								Green (1)
																							
										
																																							
																							
																																		
																								Yellow (3)
																							
										
																																							
																							
																																		
																								Pink (1)
																							
										
																																															
					
																											
						                        
                            Compositions
                            
						
						
																																												
																							 
																						
																								Cotton (1)
																							
										
																																							
																							 
																						
																								Polyester (2)
																							
										
																																							
																							 
																						
																								Viscose (2)
																							
										
																																															
					
																											
						                        
                            Styles
                            
						
						
																																												
																							 
																						
																								Casual (1)
																							
										
																																							
																							 
																						
																								Dressy (1)
																							
										
																																							
																							 
																						
																								Girly (3)
																							
										
																																															
					
																											
						                        
                            Properties
                            
						
						
																																												
																							 
																						
																								Colorful Dress (1)
																							
										
																																							
																							 
																						
																								Maxi Dress (1)
																							
										
																																							
																							 
																						
																								Midi Dress (1)
																							
										
																																							
																							 
																						
																								Short Dress (2)
																							
										
																																															
					
																											
						                        
                            Availability
                            
						
						
																																																															
																							 
																						
																								In stock (5)
																							
										
																																															
					
																											
						                        
                            Manufacturer
                            
						
						
																																												
																							 
																						
																								Fashion Manufacturer (5)
																							
										
																																															
					
																											
						                        
                            Condition
                            
						
						
																																												
																							 
																						
																								New (5)
																							
										
																																																																																					
					
																											
						                        
                            Price
                            
						
						
																								
										Range:
									 
									$16.00 - $53.00
									
										
									
																												
					
												
			
																																																																																																																																																																												
	
	
		
			
			Loading...
		
	


	
			
			
				
					Information				
			
			
				
																							
								
									Delivery
								
							
																								
								
									Legal Notice
								
							
																								
								
									Terms and conditions of use
								
							
																								
								
									About us
								
							
																								
								
									Secure payment
								
							
																						
							
								Our stores
							
						
									
			
		
		


	
        
            Specials
        
    
	
    		
        	
            	
                    
                
                
                	
                        
                            Printed Chiffon Dress
                        
                    
                                        	
                            Printed chiffon knee length dress...
                        
                                        
                    	                        	
                                $16.40
                                                            
                                                                                                                                 -20%
                                                                                         
                                $20.50
                                                            
                                            
                
            
		
		
			
                All specials
            
		
    	



	
		
			Our stores
		
	
	
		
			
				
			
		
				
			
				Discover our stores
			
		
	



																		
	

	    				
            	                     
                    
                                                    
                            
                                Dresses                            
                                                            Find your favorites dresses from our wide choice of evening, casual or summer dresses!
We offer dresses for every day, every style and every occasion.
                                                        
                                             
                              
				Dresses There are 5 products.

		        		
		
			Subcategories
			
							
                	
						
													
											
                   	
					Casual Dresses
											You are looking for a dress for every day? Take a look at
our selection of dresses to find one that suits you.
									
							
                	
						
													
											
                   	
					Evening Dresses
											Browse our different dresses to choose the perfect dress for an unforgettable evening!
									
							
                	
						
													
											
                   	
					Summer Dresses
											Short dress, long dress, silk dress, printed dress, you will find the perfect dress for summer.
									
						
		
        							
            	
            		
	View
    Grid
    List



	
		Sort by
		--
			--
							Price: Lowest first
				Price: Highest first
						Product Name: A to Z
			Product Name: Z to A
							In stock
						Reference: Lowest first
			Reference: Highest first
		
	


			
	
                								
		

				
                
                		
		
			Compare (0)
		
		
		
	
			
		
		
		
	
					
	
												
	
	    			
    
    	        	                        	                        	Showing 1 - 5 of 5 items
		    
	

                
			
				
									
		
	
	
	
			
		
		
								
			
				
					
						
							
						
													
							
								
							
						
						
							Quick view
						
																			
																	
										$26.00									
									
																		
									
															
																							
					
					
				
				
					
												
							Printed Dress
						
					
					
					
						100% cotton double printed dress. Black and white striped top and orange high waisted skater skirt bottom.
					
										
													
								$26.00							
							
														
							
											
										
																														
										Add to cart
									
																											
							More
						
					
											
					
			
							
		
	
										
																														
																		
																	
										In stock									
															
															
					 				
						

	
		Add to Wishlist
	

													
								Add to Compare
							
											
							
		
			
		
		
								
			
				
					
						
							
						
													
							
								
							
						
						
							Quick view
						
																			
																	
										$50.99									
									
																		
									
															
																							
					
					
				
				
					
												
							Printed Dress
						
					
					
					
						Printed evening dress with straight sleeves with black thin waist belt and ruffled linings.
					
										
													
								$50.99							
							
														
							
											
										
																														
										Add to cart
									
																											
							More
						
					
											
					
			
							
		
					
			
							
		
	
										
																														
																		
																	
										In stock									
															
															
					 				
						

	
		Add to Wishlist
	

													
								Add to Compare
							
											
							
		
			
		
		
								
			
				
					
						
							
						
													
							
								
							
						
						
							Quick view
						
																			
																	
										$28.98									
									
																			
										
											$30.51
										
																					-5%
																												
									
															
																							
					
					
				
				
					
												
							Printed Summer Dress
						
					
					
					
						Long printed dress with thin adjustable straps. V-neckline and wiring under the bust with ruffles at the bottom of the dress.
					
										
													
								$28.98							
							
															
								
									$30.51
								
								
																	-5%
																						
							
											
										
																														
										Add to cart
									
																											
							More
						
					
											
					
			
							
		
					
			
							
		
					
			
							
		
					
			
							
		
	
										
																																	Reduced price!
												
																		
																	
										In stock									
															
															
					 				
						

	
		Add to Wishlist
	

													
								Add to Compare
							
											
							
		
			
		
		
								
			
				
					
						
							
						
													
							
								
							
						
						
							Quick view
						
																			
																	
										$30.50									
									
																		
									
															
																							
					
					
				
				
					
												
							Printed Summer Dress
						
					
					
					
						Sleeveless knee-length chiffon dress. V-neckline with elastic under the bust lining.
					
										
													
								$30.50							
							
														
							
											
										
																														
										Add to cart
									
																											
							More
						
					
											
					
			
							
		
					
			
							
		
	
										
																														
																		
																	
										In stock									
															
															
					 				
						

	
		Add to Wishlist
	

													
								Add to Compare
							
											
							
		
			
		
		
								
			
				
					
						
							
						
													
							
								
							
						
						
							Quick view
						
																			
																	
										$16.40									
									
																			
										
											$20.50
										
																					-20%
																												
									
															
																							
					
					
				
				
					
												
							Printed Chiffon Dress
						
					
					
					
						Printed chiffon knee length dress with tank straps. Deep v-neckline.
					
										
													
								$16.40							
							
															
								
									$20.50
								
								
																	-20%
																						
							
											
										
																														
										Add to cart
									
																											
							More
						
					
											
					
			
							
		
					
			
							
		
	
										
																																	Reduced price!
												
																		
																	
										In stock									
															
															
					 				
						

	
		Add to Wishlist
	

													
								Add to Compare
							
											
							
		
		





			
				
						
		
			Compare (0)
		
		
		
	
	
                    
	
												
	
	    			
    
    	        	                        	                        	Showing 1 - 5 of 5 items
		    
	

				
			
								
										
				
			
							
				
					
						

	Newsletter
	
		
			
				
                
                    Ok
                
				
			
		
	



	
					
				
					Facebook
				
			
							
				
					Twitter
				
			
				                	
        		
        			Youtube
        		
        	
                        	
        		
        			Google Plus
        		
        	
                	
    Follow us




	Categories
	
		
			
												

	 
		Women
	
			
												

	 
		Tops
	
			
												

	
		T-shirts
	
	

																

	
		Blouses
	
	

									
	

																

	 
		Dresses
	
			
												

	
		Casual Dresses
	
	

																

	
		Evening Dresses
	
	

																

	
		Summer Dresses
	
	

									
	

									
	

							
										
		
	 


	
	
		Information
		
							
					
						Specials
					
				
									
				
					New products
				
			
										
					
						Best sellers
					
				
										
					
						Our stores
					
				
									
				
					Contact us
				
			
															
						
							Terms and conditions of use
						
					
																
						
							About us
						
					
													
				
					Sitemap
				
			
					
		
	
		
		
			© 2014 Ecommerce software by PrestaShop™
		
	
		


	My account
	
		
			My orders
						My credit slips
			My addresses
			My personal info
						
            Sign out		
	




	
        Store information
        
                        	
            		Selenium Framework, Research Triangle Park,
North Carolina,
USA            	
                                    	
            		Call us now: 
            		(347) 466-7432
            	
                                    	
            		Email: 
            		support@seleniumframework.com
            	
                    
    



					
				
					
/html[1]'))]' not found)"/>
         <system-out><![CDATA[2018-04-03 14:54:54 - [TEST_CASE][FAILED] - Test Cases/Verify a user can see previously added items in their shopping cart: Test Cases/Verify a user can see previously added items in their shopping cart FAILED because (of) Unable to click on object 'Object Repository/IBM TEST/Page_Dresses - My Store (1)/html_Dresses - My Store  var C' (Root cause: com.kms.katalon.core.webui.exception.WebElementNotFoundException: Web element with id: 'Object Repository/IBM TEST/Page_Dresses - My Store (1)/html_Dresses - My Store  var C' located by 'By.xpath: //html[(text() = concat('
		
		Dresses - My Store
		
		
		
		 
		 
		
		
			
			
			
			
			
			
			
			
			
			
			
			
			
			
			
			
			
			
			
			
			
			
			
			
			
			
			
			
			
		
var CUSTOMIZE_TEXTFIELD = 1;
var FancyboxI18nClose = ' , "'" , 'Close' , "'" , ';
var FancyboxI18nNext = ' , "'" , 'Next' , "'" , ';
var FancyboxI18nPrev = ' , "'" , 'Previous' , "'" , ';
var added_to_wishlist = ' , "'" , 'Added to your wishlist.' , "'" , ';
var ajax_allowed = true;
var ajaxsearch = true;
var baseDir = ' , "'" , 'http://automationpractice.com/' , "'" , ';
var baseUri = ' , "'" , 'http://automationpractice.com/index.php' , "'" , ';
var blocklayeredSliderName = {"price":"price","weight":"weight"};
var blocksearch_type = ' , "'" , 'top' , "'" , ';
var comparator_max_item = 3;
var comparedProductsIds = [];
var contentOnly = false;
var customizationIdMessage = ' , "'" , 'Customization #' , "'" , ';
var delete_txt = ' , "'" , 'Delete' , "'" , ';
var displayList = false;
var filters = [{"type_lite":"category","type":"category","id_key":0,"name":"Categories","values":{"9":{"name":"Casual Dresses","nbr":1,"link":"http:\/\/automationpractice.com\/index.php?id_category=8&controller=category#categories-casual_dresses","rel":"nofollow"},"10":{"name":"Evening Dresses","nbr":1,"link":"http:\/\/automationpractice.com\/index.php?id_category=8&controller=category#categories-evening_dresses","rel":"nofollow"},"11":{"name":"Summer Dresses","nbr":3,"link":"http:\/\/automationpractice.com\/index.php?id_category=8&controller=category#categories-summer_dresses","rel":"nofollow"}},"filter_show_limit":"0","filter_type":"0"},{"type_lite":"id_attribute_group","type":"id_attribute_group","id_key":1,"name":"Size","is_color_group":false,"values":{"1":{"color":"","name":"S","nbr":5,"url_name":null,"meta_title":null,"link":"http:\/\/automationpractice.com\/index.php?id_category=8&controller=category#size-s","rel":""},"2":{"color":"","name":"M","nbr":5,"url_name":null,"meta_title":null,"link":"http:\/\/automationpractice.com\/index.php?id_category=8&controller=category#size-m","rel":""},"3":{"color":"","name":"L","nbr":5,"url_name":null,"meta_title":null,"link":"http:\/\/automationpractice.com\/index.php?id_category=8&controller=category#size-l","rel":""}},"url_name":null,"meta_title":null,"filter_show_limit":"0","filter_type":"0"},{"type_lite":"id_attribute_group","type":"id_attribute_group","id_key":3,"name":"Color","is_color_group":true,"values":{"7":{"color":"#f5f5dc","name":"Beige","nbr":1,"url_name":null,"meta_title":null,"link":"http:\/\/automationpractice.com\/index.php?id_category=8&controller=category#color-beige","rel":""},"8":{"color":"#ffffff","name":"White","nbr":1,"url_name":null,"meta_title":null,"link":"http:\/\/automationpractice.com\/index.php?id_category=8&controller=category#color-white","rel":""},"11":{"color":"#434A54","name":"Black","nbr":1,"url_name":null,"meta_title":null,"link":"http:\/\/automationpractice.com\/index.php?id_category=8&controller=category#color-black","rel":""},"13":{"color":"#F39C11","name":"Orange","nbr":2,"url_name":null,"meta_title":null,"link":"http:\/\/automationpractice.com\/index.php?id_category=8&controller=category#color-orange","rel":""},"14":{"color":"#5D9CEC","name":"Blue","nbr":1,"url_name":null,"meta_title":null,"link":"http:\/\/automationpractice.com\/index.php?id_category=8&controller=category#color-blue","rel":""},"15":{"color":"#A0D468","name":"Green","nbr":1,"url_name":null,"meta_title":null,"link":"http:\/\/automationpractice.com\/index.php?id_category=8&controller=category#color-green","rel":""},"16":{"color":"#F1C40F","name":"Yellow","nbr":3,"url_name":null,"meta_title":null,"link":"http:\/\/automationpractice.com\/index.php?id_category=8&controller=category#color-yellow","rel":""},"24":{"color":"#FCCACD","name":"Pink","nbr":1,"url_name":null,"meta_title":null,"link":"http:\/\/automationpractice.com\/index.php?id_category=8&controller=category#color-pink","rel":""}},"url_name":null,"meta_title":null,"filter_show_limit":"0","filter_type":"0"},{"type_lite":"id_feature","type":"id_feature","id_key":5,"values":{"5":{"nbr":1,"name":"Cotton","url_name":null,"meta_title":null,"link":"http:\/\/automationpractice.com\/index.php?id_category=8&controller=category#compositions-cotton","rel":""},"1":{"nbr":2,"name":"Polyester","url_name":null,"meta_title":null,"link":"http:\/\/automationpractice.com\/index.php?id_category=8&controller=category#compositions-polyester","rel":""},"3":{"nbr":2,"name":"Viscose","url_name":null,"meta_title":null,"link":"http:\/\/automationpractice.com\/index.php?id_category=8&controller=category#compositions-viscose","rel":""}},"name":"Compositions","url_name":null,"meta_title":null,"filter_show_limit":"0","filter_type":"0"},{"type_lite":"id_feature","type":"id_feature","id_key":6,"values":{"11":{"nbr":1,"name":"Casual","url_name":null,"meta_title":null,"link":"http:\/\/automationpractice.com\/index.php?id_category=8&controller=category#styles-casual","rel":""},"16":{"nbr":1,"name":"Dressy","url_name":null,"meta_title":null,"link":"http:\/\/automationpractice.com\/index.php?id_category=8&controller=category#styles-dressy","rel":""},"13":{"nbr":3,"name":"Girly","url_name":null,"meta_title":null,"link":"http:\/\/automationpractice.com\/index.php?id_category=8&controller=category#styles-girly","rel":""}},"name":"Styles","url_name":null,"meta_title":null,"filter_show_limit":"0","filter_type":"0"},{"type_lite":"id_feature","type":"id_feature","id_key":7,"values":{"18":{"nbr":1,"name":"Colorful Dress","url_name":null,"meta_title":null,"link":"http:\/\/automationpractice.com\/index.php?id_category=8&controller=category#properties-colorful_dress","rel":""},"21":{"nbr":1,"name":"Maxi Dress","url_name":null,"meta_title":null,"link":"http:\/\/automationpractice.com\/index.php?id_category=8&controller=category#properties-maxi_dress","rel":""},"20":{"nbr":1,"name":"Midi Dress","url_name":null,"meta_title":null,"link":"http:\/\/automationpractice.com\/index.php?id_category=8&controller=category#properties-midi_dress","rel":""},"19":{"nbr":2,"name":"Short Dress","url_name":null,"meta_title":null,"link":"http:\/\/automationpractice.com\/index.php?id_category=8&controller=category#properties-short_dress","rel":""}},"name":"Properties","url_name":null,"meta_title":null,"filter_show_limit":"0","filter_type":"0"},{"type_lite":"quantity","type":"quantity","id_key":0,"name":"Availability","values":[{"name":"Not available","nbr":0,"link":"http:\/\/automationpractice.com\/index.php?id_category=8&controller=category#availability-not_available","rel":"nofollow"},{"name":"In stock","nbr":5,"link":"http:\/\/automationpractice.com\/index.php?id_category=8&controller=category#availability-in_stock","rel":"nofollow"}],"filter_show_limit":"0","filter_type":"0"},{"type_lite":"manufacturer","type":"manufacturer","id_key":0,"name":"Manufacturer","values":{"1":{"name":"Fashion Manufacturer","nbr":"5","link":"http:\/\/automationpractice.com\/index.php?id_category=8&controller=category#manufacturer-fashion_manufacturer","rel":"nofollow"}},"filter_show_limit":"0","filter_type":"0"},{"type_lite":"condition","type":"condition","id_key":0,"name":"Condition","values":{"new":{"name":"New","nbr":5,"link":"http:\/\/automationpractice.com\/index.php?id_category=8&controller=category#condition-new","rel":"nofollow"},"used":{"name":"Used","nbr":0,"link":"http:\/\/automationpractice.com\/index.php?id_category=8&controller=category#condition-used","rel":"nofollow"},"refurbished":{"name":"Refurbished","nbr":0,"link":"http:\/\/automationpractice.com\/index.php?id_category=8&controller=category#condition-refurbished","rel":"nofollow"}},"filter_show_limit":"0","filter_type":"0"},{"type_lite":"price","type":"price","id_key":0,"name":"Price","slider":true,"max":"53","min":"16","values":{"1":"53","0":"16"},"unit":"$","format":"1","filter_show_limit":"0","filter_type":"0"}];
var freeProductTranslation = ' , "'" , 'Free!' , "'" , ';
var freeShippingTranslation = ' , "'" , 'Free shipping!' , "'" , ';
var generated_date = 1522248415;
var id_lang = 1;
var img_dir = ' , "'" , 'http://automationpractice.com/themes/default-bootstrap/img/' , "'" , ';
var instantsearch = false;
var isGuest = 0;
var isLogged = 1;
var loggin_required = ' , "'" , 'You must be logged in to manage your wishlist.' , "'" , ';
var max_item = ' , "'" , 'You cannot add more than 3 product(s) to the product comparison' , "'" , ';
var min_item = ' , "'" , 'Please select at least one product' , "'" , ';
[...]
	
					
			
				
					
						
							
								
	


							
						
					
					
						
							
								
	
		Chapel Kabir
	

			
			Sign out
		
	




	Contact us

	
		Call us now: 0123-456-789
	

							
						
					
					
						
							
								
									
										
									
								
								

	
		
		
		
		
		
			Search
		
	



	
		
			Cart
			0
			Product
			Products
			
							
			(empty)
					
					
				
					
					
												
							No products
						
												
							
								
																			Free shipping!
																	
								
									Shipping
								
							
																					
								$0.00
								Total
							
													
						
							
								
									Check out
								
							
						
					
				
			
			


	
		
			
				
				
					Product successfully added to your shopping cart
				
				
				
				
					
					
					
						Quantity
						
					
					
						Total
						
					
				
			
			
				
					
					
						There are 0 items in your cart.
					
					
					
						There is 1 item in your cart.
					
				
	
				
					
						Total products
											
					
											
				
	
								
					
						Total shipping 					
					
													Free shipping!
											
				
									
					
						Total
											
					
											
				
					
					
						
							Continue shopping
						
					
					
						
							Proceed to checkout
						
						
				
			
		
		
	 
	

	
	
		Categories
		
			WomenTopsT-shirtsBlousesDressesCasual DressesEvening DressesSummer DressesDressesCasual DressesEvening DressesSummer DressesT-shirts
					
	
	
							
						
					
				
			
			
				
											


	
			>
					Women>Dresses
			

										
						
					
					
												

	
					Dresses
			
	
		
												

	
		Casual Dresses
	
	

																

	
		Evening Dresses
	
	

																

	
		Summer Dresses
	
	

									
	





	Catalog
	
		
			
																										
						                        
                            Categories
                            
						
						
																																												
																							 
																						
																								Casual Dresses (1)
																							
										
																																							
																							 
																						
																								Evening Dresses (1)
																							
										
																																							
																							 
																						
																								Summer Dresses (3)
																							
										
																																															
					
																											
						                        
                            Size
                            
						
						
																																												
																							 
																						
																								S (5)
																							
										
																																							
																							 
																						
																								M (5)
																							
										
																																							
																							 
																						
																								L (5)
																							
										
																																															
					
																											
						                        
                            Color
                            
						
						
																																												
																							
																																		
																								Beige (1)
																							
										
																																							
																							
																																		
																								White (1)
																							
										
																																							
																							
																																		
																								Black (1)
																							
										
																																							
																							
																																		
																								Orange (2)
																							
										
																																							
																							
																																		
																								Blue (1)
																							
										
																																							
																							
																																		
																								Green (1)
																							
										
																																							
																							
																																		
																								Yellow (3)
																							
										
																																							
																							
																																		
																								Pink (1)
																							
										
																																															
					
																											
						                        
                            Compositions
                            
						
						
																																												
																							 
																						
																								Cotton (1)
																							
										
																																							
																							 
																						
																								Polyester (2)
																							
										
																																							
																							 
																						
																								Viscose (2)
																							
										
																																															
					
																											
						                        
                            Styles
                            
						
						
																																												
																							 
																						
																								Casual (1)
																							
										
																																							
																							 
																						
																								Dressy (1)
																							
										
																																							
																							 
																						
																								Girly (3)
																							
										
																																															
					
																											
						                        
                            Properties
                            
						
						
																																												
																							 
																						
																								Colorful Dress (1)
																							
										
																																							
																							 
																						
																								Maxi Dress (1)
																							
										
																																							
																							 
																						
																								Midi Dress (1)
																							
										
																																							
																							 
																						
																								Short Dress (2)
																							
										
																																															
					
																											
						                        
                            Availability
                            
						
						
																																																															
																							 
																						
																								In stock (5)
																							
										
																																															
					
																											
						                        
                            Manufacturer
                            
						
						
																																												
																							 
																						
																								Fashion Manufacturer (5)
																							
										
																																															
					
																											
						                        
                            Condition
                            
						
						
																																												
																							 
																						
																								New (5)
																							
										
																																																																																					
					
																											
						                        
                            Price
                            
						
						
																								
										Range:
									 
									$16.00 - $53.00
									
										
									
																												
					
												
			
																																																																																																																																																																												
	
	
		
			
			Loading...
		
	


	
			
			
				
					Information				
			
			
				
																							
								
									Delivery
								
							
																								
								
									Legal Notice
								
							
																								
								
									Terms and conditions of use
								
							
																								
								
									About us
								
							
																								
								
									Secure payment
								
							
																						
							
								Our stores
							
						
									
			
		
		


	
        
            Specials
        
    
	
    		
        	
            	
                    
                
                
                	
                        
                            Printed Chiffon Dress
                        
                    
                                        	
                            Printed chiffon knee length dress...
                        
                                        
                    	                        	
                                $16.40
                                                            
                                                                                                                                 -20%
                                                                                         
                                $20.50
                                                            
                                            
                
            
		
		
			
                All specials
            
		
    	



	
		
			Our stores
		
	
	
		
			
				
			
		
				
			
				Discover our stores
			
		
	



																		
	

	    				
            	                     
                    
                                                    
                            
                                Dresses                            
                                                            Find your favorites dresses from our wide choice of evening, casual or summer dresses!
We offer dresses for every day, every style and every occasion.
                                                        
                                             
                              
				Dresses There are 5 products.

		        		
		
			Subcategories
			
							
                	
						
													
											
                   	
					Casual Dresses
											You are looking for a dress for every day? Take a look at
our selection of dresses to find one that suits you.
									
							
                	
						
													
											
                   	
					Evening Dresses
											Browse our different dresses to choose the perfect dress for an unforgettable evening!
									
							
                	
						
													
											
                   	
					Summer Dresses
											Short dress, long dress, silk dress, printed dress, you will find the perfect dress for summer.
									
						
		
        							
            	
            		
	View
    Grid
    List



	
		Sort by
		--
			--
							Price: Lowest first
				Price: Highest first
						Product Name: A to Z
			Product Name: Z to A
							In stock
						Reference: Lowest first
			Reference: Highest first
		
	


			
	
                								
		

				
                
                		
		
			Compare (0)
		
		
		
	
			
		
		
		
	
					
	
												
	
	    			
    
    	        	                        	                        	Showing 1 - 5 of 5 items
		    
	

                
			
				
									
		
	
	
	
			
		
		
								
			
				
					
						
							
						
													
							
								
							
						
						
							Quick view
						
																			
																	
										$26.00									
									
																		
									
															
																							
					
					
				
				
					
												
							Printed Dress
						
					
					
					
						100% cotton double printed dress. Black and white striped top and orange high waisted skater skirt bottom.
					
										
													
								$26.00							
							
														
							
											
										
																														
										Add to cart
									
																											
							More
						
					
											
					
			
							
		
	
										
																														
																		
																	
										In stock									
															
															
					 				
						

	
		Add to Wishlist
	

													
								Add to Compare
							
											
							
		
			
		
		
								
			
				
					
						
							
						
													
							
								
							
						
						
							Quick view
						
																			
																	
										$50.99									
									
																		
									
															
																							
					
					
				
				
					
												
							Printed Dress
						
					
					
					
						Printed evening dress with straight sleeves with black thin waist belt and ruffled linings.
					
										
													
								$50.99							
							
														
							
											
										
																														
										Add to cart
									
																											
							More
						
					
											
					
			
							
		
					
			
							
		
	
										
																														
																		
																	
										In stock									
															
															
					 				
						

	
		Add to Wishlist
	

													
								Add to Compare
							
											
							
		
			
		
		
								
			
				
					
						
							
						
													
							
								
							
						
						
							Quick view
						
																			
																	
										$28.98									
									
																			
										
											$30.51
										
																					-5%
																												
									
															
																							
					
					
				
				
					
												
							Printed Summer Dress
						
					
					
					
						Long printed dress with thin adjustable straps. V-neckline and wiring under the bust with ruffles at the bottom of the dress.
					
										
													
								$28.98							
							
															
								
									$30.51
								
								
																	-5%
																						
							
											
										
																														
										Add to cart
									
																											
							More
						
					
											
					
			
							
		
					
			
							
		
					
			
							
		
					
			
							
		
	
										
																																	Reduced price!
												
																		
																	
										In stock									
															
															
					 				
						

	
		Add to Wishlist
	

													
								Add to Compare
							
											
							
		
			
		
		
								
			
				
					
						
							
						
													
							
								
							
						
						
							Quick view
						
																			
																	
										$30.50									
									
																		
									
															
																							
					
					
				
				
					
												
							Printed Summer Dress
						
					
					
					
						Sleeveless knee-length chiffon dress. V-neckline with elastic under the bust lining.
					
										
													
								$30.50							
							
														
							
											
										
																														
										Add to cart
									
																											
							More
						
					
											
					
			
							
		
					
			
							
		
	
										
																														
																		
																	
										In stock									
															
															
					 				
						

	
		Add to Wishlist
	

													
								Add to Compare
							
											
							
		
			
		
		
								
			
				
					
						
							
						
													
							
								
							
						
						
							Quick view
						
																			
																	
										$16.40									
									
																			
										
											$20.50
										
																					-20%
																												
									
															
																							
					
					
				
				
					
												
							Printed Chiffon Dress
						
					
					
					
						Printed chiffon knee length dress with tank straps. Deep v-neckline.
					
										
													
								$16.40							
							
															
								
									$20.50
								
								
																	-20%
																						
							
											
										
																														
										Add to cart
									
																											
							More
						
					
											
					
			
							
		
					
			
							
		
	
										
																																	Reduced price!
												
																		
																	
										In stock									
															
															
					 				
						

	
		Add to Wishlist
	

													
								Add to Compare
							
											
							
		
		





			
				
						
		
			Compare (0)
		
		
		
	
	
                    
	
												
	
	    			
    
    	        	                        	                        	Showing 1 - 5 of 5 items
		    
	

				
			
								
										
				
			
							
				
					
						

	Newsletter
	
		
			
				
                
                    Ok
                
				
			
		
	



	
					
				
					Facebook
				
			
							
				
					Twitter
				
			
				                	
        		
        			Youtube
        		
        	
                        	
        		
        			Google Plus
        		
        	
                	
    Follow us




	Categories
	
		
			
												

	 
		Women
	
			
												

	 
		Tops
	
			
												

	
		T-shirts
	
	

																

	
		Blouses
	
	

									
	

																

	 
		Dresses
	
			
												

	
		Casual Dresses
	
	

																

	
		Evening Dresses
	
	

																

	
		Summer Dresses
	
	

									
	

									
	

							
										
		
	 


	
	
		Information
		
							
					
						Specials
					
				
									
				
					New products
				
			
										
					
						Best sellers
					
				
										
					
						Our stores
					
				
									
				
					Contact us
				
			
															
						
							Terms and conditions of use
						
					
																
						
							About us
						
					
													
				
					Sitemap
				
			
					
		
	
		
		
			© 2014 Ecommerce software by PrestaShop™
		
	
		


	My account
	
		
			My orders
						My credit slips
			My addresses
			My personal info
						
            Sign out		
	




	
        Store information
        
                        	
            		Selenium Framework, Research Triangle Park,
North Carolina,
USA            	
                                    	
            		Call us now: 
            		(347) 466-7432
            	
                                    	
            		Email: 
            		support@seleniumframework.com
            	
                    
    



					
				
					
/html[1]'))]' not found)]]></system-err>
   </testsuite>
</testsuites>
